TN:
SF:C:\TeamProjects\shared-run\main.js
FNF:0
FNH:0
DA:3,1
DA:6,1
LF:2
LH:2
BRF:0
BRH:0
end_of_record
TN:
SF:C:\TeamProjects\shared-run\lib\runlib.js
FN:10,runS
FN:21,runP
FNF:2
FNH:2
FNDA:2,runS
FNDA:2,runP
DA:3,1
DA:7,1
DA:10,1
DA:11,2
DA:12,2
DA:13,2
DA:14,2
DA:21,1
DA:22,2
DA:23,2
DA:24,2
DA:25,2
DA:26,2
DA:29,2
DA:30,2
DA:31,2
DA:34,2
DA:37,1
LF:18
LH:18
BRDA:31,1,0,1
BRDA:31,1,1,1
BRF:2
BRH:2
end_of_record
TN:
SF:C:\TeamProjects\shared-run\lib\style.js
FNF:0
FNH:0
DA:2,1
DA:4,1
LF:2
LH:2
BRF:0
BRH:0
end_of_record
TN:
SF:C:\TeamProjects\shared-run\lib\findDeps.js
FN:8,findDeps
FNF:1
FNH:1
FNDA:18,findDeps
DA:3,1
DA:8,1
DA:9,18
DA:11,18
DA:12,5
DA:13,5
DA:16,13
DA:17,13
DA:19,13
DA:20,13
DA:22,13
DA:23,13
DA:24,16
DA:26,16
DA:27,16
DA:30,3
DA:34,13
DA:35,13
DA:37,13
DA:39,13
DA:40,13
DA:43,13
DA:46,1
LF:23
LH:23
BRDA:11,1,0,5
BRDA:11,1,1,13
BRDA:17,2,0,1
BRDA:17,2,1,12
BRDA:17,3,0,9
BRDA:17,3,1,4
BRDA:19,4,0,13
BRDA:19,4,1,3
BRDA:20,5,0,1
BRDA:20,5,1,12
BRDA:23,6,0,10
BRDA:23,6,1,3
BRDA:23,7,0,13
BRDA:23,7,1,13
BRF:14
BRH:14
end_of_record
